<?xml version="1.0" encoding="UTF-8"?>
<testsuite name="com.amazon.amazonq.AmazonqApplicationTests" tests="1" skipped="0" failures="0" errors="0" timestamp="2024-11-23T07:13:23" hostname="MATSUPC" time="0.572">
  <properties/>
  <testcase name="contextLoads()" classname="com.amazon.amazonq.AmazonqApplicationTests" time="0.572"/>
  <system-out><![CDATA[16:13:22.035 [Test worker] INFO org.springframework.test.context.support.AnnotationConfigContextLoaderUtils -- Could not detect default configuration classes for test class [com.amazon.amazonq.AmazonqApplicationTests]: AmazonqApplicationTests does not declare any static, non-private, non-final, nested classes annotated with @Configuration.
16:13:22.129 [Test worker] INFO org.springframework.boot.test.context.SpringBootTestContextBootstrapper -- Found @SpringBootConfiguration com.amazon.amazonq.AmazonqApplication for test class com.amazon.amazonq.AmazonqApplicationTests

  .   ____          _            __ _ _
 /\\ / ___'_ __ _ _(_)_ __  __ _ \ \ \ \
( ( )\___ | '_ | '_| | '_ \/ _` | \ \ \ \
 \\/  ___)| |_)| | | | | || (_| |  ) ) ) )
  '  |____| .__|_| |_|_| |_\__, | / / / /
 =========|_|==============|___/=/_/_/_/

 :: Spring Boot ::                (v3.4.0)

2024-11-23T16:13:22.459+09:00  INFO 28424 --- [amazonq] [    Test worker] c.a.amazonq.AmazonqApplicationTests      : Starting AmazonqApplicationTests using Java 17.0.13 with PID 28424 (started by Shian in C:\Users\Shian\IdeaProjects\amazonq)
2024-11-23T16:13:22.459+09:00  INFO 28424 --- [amazonq] [    Test worker] c.a.amazonq.AmazonqApplicationTests      : No active profile set, falling back to 1 default profile: "default"
2024-11-23T16:13:23.497+09:00  INFO 28424 --- [amazonq] [    Test worker] c.a.amazonq.AmazonqApplicationTests      : Started AmazonqApplicationTests in 1.227 seconds (process running for 2.207)
]]></system-out>
  <system-err><![CDATA[]]></system-err>
</testsuite>
